<?xml version="1.0" encoding="UTF-8"?>
<testng-results skipped="0" failed="0" total="1" passed="1">
  <reporter-output>
  </reporter-output>
  <suite name="Suite" duration-ms="20792" started-at="2016-08-16T01:45:42Z" finished-at="2016-08-16T01:46:02Z">
    <groups>
    </groups>
    <test name="Test" duration-ms="20792" started-at="2016-08-16T01:45:42Z" finished-at="2016-08-16T01:46:02Z">
      <class name="Example.NewTest">
        <test-method status="PASS" signature="beforeTest()[pri:0, instance:Example.NewTest@3b81a1bc]" name="beforeTest" is-config="true" duration-ms="5024" started-at="2016-08-16T07:15:42Z" finished-at="2016-08-16T07:15:47Z">
          <reporter-output>
          </reporter-output>
        </test-method> <!-- beforeTest -->
        <test-method status="PASS" signature="testEasy()[pri:0, instance:Example.NewTest@3b81a1bc]" name="testEasy" duration-ms="15333" started-at="2016-08-16T07:15:47Z" finished-at="2016-08-16T07:16:02Z">
          <reporter-output>
          </reporter-output>
        </test-method> <!-- testEasy -->
        <test-method status="PASS" signature="afterTest()[pri:0, instance:Example.NewTest@3b81a1bc]" name="afterTest" is-config="true" duration-ms="424" started-at="2016-08-16T07:16:02Z" finished-at="2016-08-16T07:16:02Z">
          <reporter-output>
          </reporter-output>
        </test-method> <!-- afterTest -->
      </class> <!-- Example.NewTest -->
    </test> <!-- Test -->
  </suite> <!-- Suite -->
</testng-results>
