<?xml version="1.0" encoding="UTF-8"?>
<testng-results skipped="0" failed="0" total="2" passed="2">
  <reporter-output>
  </reporter-output>
  <suite name="Suite" duration-ms="21540" started-at="2016-08-15T02:08:31Z" finished-at="2016-08-15T02:08:53Z">
    <groups>
    </groups>
    <test name="Test" duration-ms="21540" started-at="2016-08-15T02:08:31Z" finished-at="2016-08-15T02:08:53Z">
      <class name="Example.NewTest">
        <test-method status="PASS" signature="beforeTest()[pri:0, instance:Example.NewTest@7823a2f9]" name="beforeTest" is-config="true" duration-ms="4205" started-at="2016-08-15T07:38:31Z" finished-at="2016-08-15T07:38:35Z">
          <reporter-output>
          </reporter-output>
        </test-method> <!-- beforeTest -->
        <test-method status="PASS" signature="beforeTest()[pri:0, instance:Example.Test2@224edc67]" name="beforeTest" is-config="true" duration-ms="0" started-at="2016-08-15T07:38:35Z" finished-at="2016-08-15T07:38:35Z">
          <reporter-output>
          </reporter-output>
        </test-method> <!-- beforeTest -->
        <test-method status="PASS" signature="testEasy()[pri:0, instance:Example.NewTest@7823a2f9]" name="testEasy" duration-ms="16831" started-at="2016-08-15T07:38:35Z" finished-at="2016-08-15T07:38:52Z">
          <reporter-output>
          </reporter-output>
        </test-method> <!-- testEasy -->
        <test-method status="PASS" signature="afterTest()[pri:0, instance:Example.NewTest@7823a2f9]" name="afterTest" is-config="true" duration-ms="447" started-at="2016-08-15T07:38:52Z" finished-at="2016-08-15T07:38:53Z">
          <reporter-output>
          </reporter-output>
        </test-method> <!-- afterTest -->
        <test-method status="PASS" signature="afterTest()[pri:0, instance:Example.Test2@224edc67]" name="afterTest" is-config="true" duration-ms="0" started-at="2016-08-15T07:38:53Z" finished-at="2016-08-15T07:38:53Z">
          <reporter-output>
          </reporter-output>
        </test-method> <!-- afterTest -->
      </class> <!-- Example.NewTest -->
      <class name="Example.Test2">
        <test-method status="PASS" signature="f()[pri:0, instance:Example.Test2@224edc67]" name="f" duration-ms="35" started-at="2016-08-15T07:38:35Z" finished-at="2016-08-15T07:38:35Z">
          <reporter-output>
          </reporter-output>
        </test-method> <!-- f -->
      </class> <!-- Example.Test2 -->
    </test> <!-- Test -->
  </suite> <!-- Suite -->
</testng-results>
